<?xml version="1.0" encoding="UTF-8"?>
<!-- Generated by org.testng.reporters.JUnitXMLReporter -->
<testsuite hostname="LAPTOP-2MKHJJ9O" name="Amazon App Test Cases" tests="6" failures="0" timestamp="30 Jun 2021 13:29:58 GMT" time="85.411" errors="0">
  <testcase name="LoginpageTitleTest" time="0.016" classname="com.amazon.qa.TestCases.LoginPageTest"/>
  <testcase name="loginTest" time="2.16" classname="com.amazon.qa.TestCases.LoginPageTest"/>
  <testcase name="selectItem" time="5.081" classname="com.amazon.qa.TestCases.HomePageTest"/>
  <testcase name="ItemPageTitleTest" time="3.036" classname="com.amazon.qa.TestCases.ItemPageTest"/>
  <testcase name="loginTest" time="7.099" classname="com.amazon.qa.TestCases.ItemPageTest"/>
  <testcase name="AddCreditcardDetails" time="4.467" classname="com.amazon.qa.TestCases.PaymentPageTest"/>
</testsuite> <!-- Amazon App Test Cases -->
