<?xml version="1.0" encoding="UTF-8"?>
<testng-results skipped="0" failed="0" total="6" passed="6">
  <reporter-output>
  </reporter-output>
  <suite name="Amazon Application Test Automation Test Suite" duration-ms="85411" started-at="2021-06-30T13:28:33Z" finished-at="2021-06-30T13:29:58Z">
    <groups>
    </groups>
    <test name="Amazon App Test Cases" duration-ms="85411" started-at="2021-06-30T13:28:33Z" finished-at="2021-06-30T13:29:58Z">
      <class name="com.amazon.qa.TestCases.HomePageTest">
        <test-method status="PASS" signature="setup()[pri:0, instance:com.amazon.qa.TestCases.HomePageTest@52feb982]" name="setup" is-config="true" duration-ms="5778" started-at="2021-06-30T18:58:49Z" finished-at="2021-06-30T18:58:55Z">
          <reporter-output>
          </reporter-output>
        </test-method> <!-- setup -->
        <test-method status="PASS" signature="selectItem()[pri:0, instance:com.amazon.qa.TestCases.HomePageTest@52feb982]" name="selectItem" duration-ms="5081" started-at="2021-06-30T18:58:55Z" finished-at="2021-06-30T18:59:00Z">
          <reporter-output>
          </reporter-output>
        </test-method> <!-- selectItem -->
        <test-method status="PASS" signature="tearDown()[pri:0, instance:com.amazon.qa.TestCases.HomePageTest@52feb982]" name="tearDown" is-config="true" duration-ms="642" started-at="2021-06-30T18:59:00Z" finished-at="2021-06-30T18:59:01Z">
          <reporter-output>
          </reporter-output>
        </test-method> <!-- tearDown -->
      </class> <!-- com.amazon.qa.TestCases.HomePageTest -->
      <class name="com.amazon.qa.TestCases.ItemPageTest">
        <test-method status="PASS" signature="setup()[pri:0, instance:com.amazon.qa.TestCases.ItemPageTest@7a765367]" name="setup" is-config="true" duration-ms="11176" started-at="2021-06-30T18:59:01Z" finished-at="2021-06-30T18:59:12Z">
          <reporter-output>
          </reporter-output>
        </test-method> <!-- setup -->
        <test-method status="PASS" signature="ItemPageTitleTest()[pri:0, instance:com.amazon.qa.TestCases.ItemPageTest@7a765367]" name="ItemPageTitleTest" duration-ms="3036" started-at="2021-06-30T18:59:12Z" finished-at="2021-06-30T18:59:15Z">
          <reporter-output>
          </reporter-output>
        </test-method> <!-- ItemPageTitleTest -->
        <test-method status="PASS" signature="tearDown()[pri:0, instance:com.amazon.qa.TestCases.ItemPageTest@7a765367]" name="tearDown" is-config="true" duration-ms="693" started-at="2021-06-30T18:59:15Z" finished-at="2021-06-30T18:59:16Z">
          <reporter-output>
          </reporter-output>
        </test-method> <!-- tearDown -->
        <test-method status="PASS" signature="setup()[pri:0, instance:com.amazon.qa.TestCases.ItemPageTest@7a765367]" name="setup" is-config="true" duration-ms="10437" started-at="2021-06-30T18:59:16Z" finished-at="2021-06-30T18:59:26Z">
          <reporter-output>
          </reporter-output>
        </test-method> <!-- setup -->
        <test-method status="PASS" signature="loginTest()[pri:0, instance:com.amazon.qa.TestCases.ItemPageTest@7a765367]" name="loginTest" duration-ms="7099" started-at="2021-06-30T18:59:26Z" finished-at="2021-06-30T18:59:33Z">
          <reporter-output>
          </reporter-output>
        </test-method> <!-- loginTest -->
        <test-method status="PASS" signature="tearDown()[pri:0, instance:com.amazon.qa.TestCases.ItemPageTest@7a765367]" name="tearDown" is-config="true" duration-ms="665" started-at="2021-06-30T18:59:34Z" finished-at="2021-06-30T18:59:34Z">
          <reporter-output>
          </reporter-output>
        </test-method> <!-- tearDown -->
      </class> <!-- com.amazon.qa.TestCases.ItemPageTest -->
      <class name="com.amazon.qa.TestCases.LoginPageTest">
        <test-method status="PASS" signature="setup()[pri:0, instance:com.amazon.qa.TestCases.LoginPageTest@4232c52b]" name="setup" is-config="true" duration-ms="5097" started-at="2021-06-30T18:58:33Z" finished-at="2021-06-30T18:58:38Z">
          <reporter-output>
          </reporter-output>
        </test-method> <!-- setup -->
        <test-method status="PASS" signature="LoginpageTitleTest()[pri:0, instance:com.amazon.qa.TestCases.LoginPageTest@4232c52b]" name="LoginpageTitleTest" duration-ms="16" started-at="2021-06-30T18:58:38Z" finished-at="2021-06-30T18:58:38Z">
          <reporter-output>
          </reporter-output>
        </test-method> <!-- LoginpageTitleTest -->
        <test-method status="PASS" signature="tearDown()[pri:0, instance:com.amazon.qa.TestCases.LoginPageTest@4232c52b]" name="tearDown" is-config="true" duration-ms="615" started-at="2021-06-30T18:58:39Z" finished-at="2021-06-30T18:58:39Z">
          <reporter-output>
          </reporter-output>
        </test-method> <!-- tearDown -->
        <test-method status="PASS" signature="setup()[pri:0, instance:com.amazon.qa.TestCases.LoginPageTest@4232c52b]" name="setup" is-config="true" duration-ms="3707" started-at="2021-06-30T18:58:39Z" finished-at="2021-06-30T18:58:43Z">
          <reporter-output>
          </reporter-output>
        </test-method> <!-- setup -->
        <test-method status="PASS" signature="loginTest()[pri:0, instance:com.amazon.qa.TestCases.LoginPageTest@4232c52b]" name="loginTest" duration-ms="2160" started-at="2021-06-30T18:58:43Z" finished-at="2021-06-30T18:58:45Z">
          <reporter-output>
          </reporter-output>
        </test-method> <!-- loginTest -->
        <test-method status="PASS" signature="tearDown()[pri:0, instance:com.amazon.qa.TestCases.LoginPageTest@4232c52b]" name="tearDown" is-config="true" duration-ms="632" started-at="2021-06-30T18:58:48Z" finished-at="2021-06-30T18:58:49Z">
          <reporter-output>
          </reporter-output>
        </test-method> <!-- tearDown -->
      </class> <!-- com.amazon.qa.TestCases.LoginPageTest -->
      <class name="com.amazon.qa.TestCases.PaymentPageTest">
        <test-method status="PASS" signature="setUp()[pri:0, instance:com.amazon.qa.TestCases.PaymentPageTest@76b0bfab]" name="setUp" is-config="true" duration-ms="18764" started-at="2021-06-30T18:59:34Z" finished-at="2021-06-30T18:59:53Z">
          <reporter-output>
          </reporter-output>
        </test-method> <!-- setUp -->
        <test-method status="PASS" signature="AddCreditcardDetails()[pri:0, instance:com.amazon.qa.TestCases.PaymentPageTest@76b0bfab]" name="AddCreditcardDetails" duration-ms="4467" started-at="2021-06-30T18:59:53Z" finished-at="2021-06-30T18:59:57Z">
          <reporter-output>
          </reporter-output>
        </test-method> <!-- AddCreditcardDetails -->
        <test-method status="PASS" signature="tearDown()[pri:0, instance:com.amazon.qa.TestCases.PaymentPageTest@76b0bfab]" name="tearDown" is-config="true" duration-ms="675" started-at="2021-06-30T18:59:58Z" finished-at="2021-06-30T18:59:58Z">
          <reporter-output>
          </reporter-output>
        </test-method> <!-- tearDown -->
      </class> <!-- com.amazon.qa.TestCases.PaymentPageTest -->
    </test> <!-- Amazon App Test Cases -->
  </suite> <!-- Amazon Application Test Automation Test Suite -->
</testng-results>
